c:\users\vikto\onedrive\документы\visual studio 2017\projects\nomber9\nomber9\debug\vc141.pdb
c:\users\vikto\onedrive\документы\visual studio 2017\projects\nomber9\nomber9\debug\.netframework,version=v4.5.2.assemblyattributes.obj
c:\users\vikto\onedrive\документы\visual studio 2017\projects\nomber9\nomber9\debug\.netframework,version=v4.5.2.assemblyattributes.asm
c:\users\vikto\onedrive\документы\visual studio 2017\projects\nomber9\nomber9\debug\myform.obj
c:\users\vikto\onedrive\документы\visual studio 2017\projects\nomber9\debug\nomber9.exe
c:\users\vikto\onedrive\документы\visual studio 2017\projects\nomber9\debug\nomber9.pdb
c:\users\vikto\onedrive\документы\visual studio 2017\projects\nomber9\nomber9\debug\nomber9.tlog\metagen.write.1.tlog
c:\users\vikto\onedrive\документы\visual studio 2017\projects\nomber9\nomber9\debug\nomber9.myform.resources
c:\users\vikto\onedrive\документы\visual studio 2017\projects\nomber9\debug\zedgraph.dll
c:\users\vikto\onedrive\документы\visual studio 2017\projects\nomber9\debug\zedgraph.xml
c:\users\vikto\onedrive\документы\visual studio 2017\projects\nomber9\debug\de\zedgraph.resources.dll
c:\users\vikto\onedrive\документы\visual studio 2017\projects\nomber9\debug\es\zedgraph.resources.dll
c:\users\vikto\onedrive\документы\visual studio 2017\projects\nomber9\debug\fr\zedgraph.resources.dll
c:\users\vikto\onedrive\документы\visual studio 2017\projects\nomber9\debug\hu\zedgraph.resources.dll
c:\users\vikto\onedrive\документы\visual studio 2017\projects\nomber9\debug\it\zedgraph.resources.dll
c:\users\vikto\onedrive\документы\visual studio 2017\projects\nomber9\debug\ja\zedgraph.resources.dll
c:\users\vikto\onedrive\документы\visual studio 2017\projects\nomber9\debug\pt\zedgraph.resources.dll
c:\users\vikto\onedrive\документы\visual studio 2017\projects\nomber9\debug\ru\zedgraph.resources.dll
c:\users\vikto\onedrive\документы\visual studio 2017\projects\nomber9\debug\sk\zedgraph.resources.dll
c:\users\vikto\onedrive\документы\visual studio 2017\projects\nomber9\debug\sv\zedgraph.resources.dll
c:\users\vikto\onedrive\документы\visual studio 2017\projects\nomber9\debug\tr\zedgraph.resources.dll
c:\users\vikto\onedrive\документы\visual studio 2017\projects\nomber9\debug\zh-cn\zedgraph.resources.dll
c:\users\vikto\onedrive\документы\visual studio 2017\projects\nomber9\debug\zh-tw\zedgraph.resources.dll
c:\users\vikto\onedrive\документы\visual studio 2017\projects\nomber9\nomber9\debug\nomber9.vcxproj.generateresource.cache
c:\users\vikto\onedrive\документы\visual studio 2017\projects\nomber9\nomber9\debug\nomber9.vcxproj.resolvecomreference.cache
c:\users\vikto\onedrive\документы\visual studio 2017\projects\nomber9\nomber9\debug\nomber9.vcxprojassemblyreference.cache
c:\users\vikto\onedrive\документы\visual studio 2017\projects\nomber9\nomber9\debug\nomber9.tlog\cl.command.1.tlog
c:\users\vikto\onedrive\документы\visual studio 2017\projects\nomber9\nomber9\debug\nomber9.tlog\cl.read.1.tlog
c:\users\vikto\onedrive\документы\visual studio 2017\projects\nomber9\nomber9\debug\nomber9.tlog\cl.write.1.tlog
c:\users\vikto\onedrive\документы\visual studio 2017\projects\nomber9\nomber9\debug\nomber9.tlog\link.command.1.tlog
c:\users\vikto\onedrive\документы\visual studio 2017\projects\nomber9\nomber9\debug\nomber9.tlog\link.read.1.tlog
c:\users\vikto\onedrive\документы\visual studio 2017\projects\nomber9\nomber9\debug\nomber9.tlog\link.write.1.tlog
c:\users\vikto\onedrive\документы\visual studio 2017\projects\nomber9\nomber9\debug\nomber9.tlog\metagen.read.1.tlog
c:\users\vikto\onedrive\документы\visual studio 2017\projects\nomber9\nomber9\debug\nomber9.tlog\nomber9.write.1u.tlog
c:\users\vikto\onedrive\документы\visual studio 2017\projects\nomber9\nomber9\debug\nomber9.tlog\interop.accessibility.1.1.dll.metagen
